FROM ghcr.io/linuxserver/baseimage-kasmvnc:ubuntujammy

ARG VERSION
LABEL maintainer="mollomm1"

ARG DEBIAN_FRONTEND="noninteractive"
# prevent Ubuntu's firefox stub from being installed
COPY /root/etc/apt/preferences.d/firefox-no-snap /etc/apt/preferences.d/firefox-no-snap
COPY options.json /

  echo "**** install packages ****" && \
  add-apt-repository -y ppa:mozillateam/ppa && \
  DEBIAN_FRONTEND=noninteractive apt-get install --no-install-recommends -y firefox jq wget && \
  /install-de.sh

RUN \
  /installapps.sh && \

RUN \
  apt-get autoclean && \
    /config/.cache \
    /var/lib/apt/lists/* \
    /var/tmp/* \
    /tmp/*
  
EXPOSE 3000